2024-12-16 22:08:51 INFO  - Ammunition database file path set to: C:\Users\Roman\AppData\Local\Temp\ammunition_test9413856932190956517.dat
2024-12-16 22:08:51 INFO  - Ammunition data successfully saved to database.
2024-12-16 22:08:51 INFO  - Ammunition data successfully loaded from database.
2024-12-16 22:08:51 INFO  - Ammunition data successfully loaded from database.
2024-12-16 22:08:51 INFO  - Ammunition data successfully loaded from database.
2024-12-16 22:08:51 INFO  - Ammunition data successfully saved to database.
2024-12-16 22:08:51 INFO  - Added new ammunition to database: [armor] weight = 10,00kg, price = 50,00$
2024-12-16 22:08:51 INFO  - Ammunition data successfully loaded from database.
2024-12-16 22:08:51 INFO  - Ammunition data successfully loaded from database.
2024-12-16 22:08:51 INFO  - Ammunition data successfully saved to database.
2024-12-16 22:08:51 INFO  - Removed ammunition with ID: 1
2024-12-16 22:08:51 INFO  - Ammunition data successfully loaded from database.
2024-12-16 22:08:51 INFO  - Ammunition data successfully saved to database.
2024-12-16 22:08:51 INFO  - Ammunition data successfully loaded from database.
2024-12-16 22:08:51 INFO  - Ammunition data successfully loaded from database.
2024-12-16 22:08:51 INFO  - Ammunition data successfully loaded from database.
2024-12-16 22:08:51 INFO  - Ammunition data successfully saved to database.
2024-12-16 22:08:51 INFO  - Added new ammunition to database: [armor] weight = 10,00kg, price = 50,00$
2024-12-16 22:08:51 INFO  - Ammunition data successfully loaded from database.
2024-12-16 22:08:51 INFO  - Ammunition data successfully loaded from database.
2024-12-16 22:08:51 INFO  - Ammunition data successfully loaded from database.
2024-12-16 22:08:51 INFO  - Ammunition data successfully saved to database.
2024-12-16 22:08:51 INFO  - Ammunition data successfully loaded from database.
2024-12-16 22:08:51 INFO  - Ammunition data successfully loaded from database.
2024-12-16 22:13:16 INFO  - Ammunition data successfully saved to database.
2024-12-16 22:13:16 INFO  - Ammunition data successfully loaded from database.
2024-12-16 22:13:16 INFO  - Ammunition data successfully loaded from database.
2024-12-16 22:13:16 INFO  - Ammunition data successfully loaded from database.
2024-12-16 22:13:16 INFO  - Ammunition data successfully saved to database.
2024-12-16 22:13:16 INFO  - Added new ammunition to database: [armor] weight = 10,00kg, price = 50,00$
2024-12-16 22:13:16 INFO  - Ammunition data successfully loaded from database.
2024-12-16 22:13:16 INFO  - Ammunition data successfully loaded from database.
2024-12-16 22:13:16 INFO  - Ammunition data successfully saved to database.
2024-12-16 22:13:16 INFO  - Removed ammunition with ID: 1
2024-12-16 22:13:16 INFO  - Ammunition data successfully loaded from database.
2024-12-16 22:13:16 INFO  - Ammunition data successfully saved to database.
2024-12-16 22:13:16 INFO  - Ammunition data successfully loaded from database.
2024-12-16 22:13:16 INFO  - Ammunition data successfully loaded from database.
2024-12-16 22:13:16 INFO  - Ammunition data successfully loaded from database.
2024-12-16 22:13:16 INFO  - Ammunition data successfully saved to database.
2024-12-16 22:13:16 INFO  - Added new ammunition to database: [armor] weight = 10,00kg, price = 50,00$
2024-12-16 22:13:16 INFO  - Ammunition data successfully loaded from database.
2024-12-16 22:13:16 INFO  - Ammunition data successfully loaded from database.
2024-12-16 22:13:16 INFO  - Ammunition data successfully loaded from database.
2024-12-16 22:13:16 INFO  - Ammunition data successfully saved to database.
2024-12-16 22:13:16 INFO  - Ammunition data successfully loaded from database.
2024-12-16 22:13:16 INFO  - Ammunition data successfully loaded from database.
01:59:02.884 [main] DEBUG- Ammunition database file path set to: C:\Users\Roman\AppData\Local\Temp\ammunition_test1575649092759744743.dat
01:59:02.913 [main] INFO - Ammunition data successfully saved to database.
01:59:02.924 [main] INFO - Ammunition data successfully loaded from database.
01:59:02.924 [main] DEBUG- Ammunition database size: 0
01:59:02.929 [main] INFO - Ammunition data successfully loaded from database.
01:59:02.929 [main] INFO - Ammunition data successfully loaded from database.
01:59:02.929 [main] DEBUG- Ammunition database size: 0
01:59:02.929 [main] INFO - Ammunition data successfully saved to database.
01:59:02.942 [main] INFO - Added new ammunition to database: [armor] weight = 10,00kg, price = 50,00$
01:59:02.942 [main] INFO - Ammunition data successfully loaded from database.
01:59:02.945 [main] DEBUG- Ammunition database size: 1
01:59:02.945 [main] INFO - Ammunition data successfully loaded from database.
01:59:02.945 [main] INFO - Ammunition data successfully saved to database.
01:59:02.945 [main] INFO - Removed ammunition with ID: 1
01:59:02.945 [main] INFO - Ammunition data successfully loaded from database.
01:59:02.945 [main] DEBUG- Ammunition database size: 0
01:59:02.960 [main] INFO - Ammunition data successfully saved to database.
01:59:02.960 [main] INFO - Ammunition data successfully loaded from database.
01:59:02.960 [main] DEBUG- Ammunition database size: 0
01:59:02.960 [main] INFO - Ammunition data successfully loaded from database.
01:59:02.960 [main] INFO - Ammunition data successfully loaded from database.
01:59:02.960 [main] DEBUG- Ammunition database size: 0
01:59:02.965 [main] INFO - Ammunition data successfully saved to database.
01:59:02.965 [main] INFO - Added new ammunition to database: [armor] weight = 10,00kg, price = 50,00$
01:59:02.965 [main] INFO - Ammunition data successfully loaded from database.
01:59:02.965 [main] DEBUG- Ammunition database size: 1
01:59:02.965 [main] DEBUG- Ammunition database empty: false
01:59:02.965 [main] INFO - Ammunition data successfully loaded from database.
01:59:02.965 [main] DEBUG- Ammunition database size: 1
01:59:02.965 [main] INFO - Ammunition data successfully loaded from database.
01:59:02.972 [main] INFO - Ammunition data successfully saved to database.
01:59:02.972 [main] INFO - Ammunition data successfully loaded from database.
01:59:02.972 [main] DEBUG- Ammunition database size: 0
01:59:02.977 [main] INFO - Ammunition data successfully loaded from database.
01:59:02.977 [main] DEBUG- Ammunition database size: 0
01:59:02.977 [main] DEBUG- Ammunition database empty: true
